-------------------------------------------------------------------------------
Test set: com.example.motorshop.MotorshopApplicationTests
-------------------------------------------------------------------------------
Tests run: 1, Failures: 0, Errors: 1, Skipped: 0, Time elapsed: 4.687 s <<< FAILURE! - in com.example.motorshop.MotorshopApplicationTests
contextLoads  Time elapsed: 0.002 s  <<< ERROR!
java.lang.IllegalStateException: Failed to load ApplicationContext
Caused by: org.springframework.beans.factory.BeanCreationException: Error creating bean with name 'scriptDataSourceInitializer' defined in class path resource [org/springframework/boot/autoconfigure/jdbc/DataSourceInitializationConfiguration$SharedCredentialsDataSourceInitializationConfiguration.class]: Invocation of init method failed; nested exception is org.springframework.jdbc.datasource.init.ScriptStatementFailedException: Failed to execute SQL script statement #1 of URL [file:/D:/Code_Projects/NetBeans_Projects/motorshop/target/classes/data.sql]: INSERT INTO depart VALUES ("BH", "Ban Hang"), ("BD", "Bao Duong"), ("GD", "Giam Doc"); nested exception is org.sqlite.SQLiteException: [SQLITE_CONSTRAINT_UNIQUE]  A UNIQUE constraint failed (UNIQUE constraint failed: depart.name)
Caused by: org.springframework.jdbc.datasource.init.ScriptStatementFailedException: Failed to execute SQL script statement #1 of URL [file:/D:/Code_Projects/NetBeans_Projects/motorshop/target/classes/data.sql]: INSERT INTO depart VALUES ("BH", "Ban Hang"), ("BD", "Bao Duong"), ("GD", "Giam Doc"); nested exception is org.sqlite.SQLiteException: [SQLITE_CONSTRAINT_UNIQUE]  A UNIQUE constraint failed (UNIQUE constraint failed: depart.name)
Caused by: org.sqlite.SQLiteException: [SQLITE_CONSTRAINT_UNIQUE]  A UNIQUE constraint failed (UNIQUE constraint failed: depart.name)

